[debug] [2024-01-17T11:50:24.979Z] ----------------------------------------------------------------------
[debug] [2024-01-17T11:50:24.981Z] Command:       C:\Program Files\nodejs\node.exe C:\Users\Aditya\AppData\Roaming\npm\node_modules\firebase-tools\lib\bin\firebase.js init
[debug] [2024-01-17T11:50:24.981Z] CLI Version:   13.0.3
[debug] [2024-01-17T11:50:24.982Z] Platform:      win32
[debug] [2024-01-17T11:50:24.982Z] Node Version:  v18.17.1
[debug] [2024-01-17T11:50:24.989Z] Time:          Wed Jan 17 2024 17:20:24 GMT+0530 (India Standard Time)
[debug] [2024-01-17T11:50:24.989Z] ----------------------------------------------------------------------
[debug] 
[debug] [2024-01-17T11:50:24.996Z] > command requires scopes: ["email","openid","https://www.googleapis.com/auth/cloudplatformprojects.readonly","https://www.googleapis.com/auth/firebase","https://www.googleapis.com/auth/cloud-platform"]
[debug] [2024-01-17T11:50:24.997Z] > authorizing via signed-in user (b322070@iiit-bh.ac.in)
[info] 
     ######## #### ########  ######## ########     ###     ######  ########
     ##        ##  ##     ## ##       ##     ##  ##   ##  ##       ##
     ######    ##  ########  ######   ########  #########  ######  ######
     ##        ##  ##    ##  ##       ##     ## ##     ##       ## ##
     ##       #### ##     ## ######## ########  ##     ##  ######  ########

You're about to initialize a Firebase project in this directory:

  C:\Users\Aditya\Desktop\FlitIt\flixit

[info] 
=== Project Setup
[info] 
[info] First, let's associate this project directory with a Firebase project.
[info] You can create multiple project aliases by running firebase use --add, 
[info] but for now we'll just set up a default project.
[info] 
[debug] [2024-01-17T11:50:32.098Z] >>> [apiv2][query] GET https://firebase.googleapis.com/v1beta1/projects pageSize=100
[debug] [2024-01-17T11:50:33.195Z] <<< [apiv2][status] GET https://firebase.googleapis.com/v1beta1/projects 200
[debug] [2024-01-17T11:50:33.196Z] <<< [apiv2][body] GET https://firebase.googleapis.com/v1beta1/projects [omitted]
[info] i  Using project bingeit-aj (bingeit-aj) 
[info] 
=== Hosting Setup
[debug] [2024-01-17T11:50:34.263Z] >>> [apiv2][query] GET https://firebase.googleapis.com/v1beta1/projects/bingeit-aj [none]
[debug] [2024-01-17T11:50:35.028Z] <<< [apiv2][status] GET https://firebase.googleapis.com/v1beta1/projects/bingeit-aj 200
[debug] [2024-01-17T11:50:35.029Z] <<< [apiv2][body] GET https://firebase.googleapis.com/v1beta1/projects/bingeit-aj {"projectId":"bingeit-aj","projectNumber":"508052697974","displayName":"bingeit-aj","name":"projects/bingeit-aj","resources":{"hostingSite":"bingeit-aj"},"state":"ACTIVE","etag":"1_8fc6f79e-3c12-4c48-82ef-08fceee79c4c"}
[info] 
[info] Your public directory is the folder (relative to your project directory) that
[info] will contain Hosting assets to be uploaded with firebase deploy. If you
[info] have a build process for your assets, use your build's output directory.
[info] 
[debug] [2024-01-17T11:50:45.903Z] >>> [apiv2][query] GET https://www.gstatic.com/firebasejs/releases.json [none]
[debug] [2024-01-17T11:50:46.386Z] <<< [apiv2][status] GET https://www.gstatic.com/firebasejs/releases.json 200
[debug] [2024-01-17T11:50:46.387Z] <<< [apiv2][body] GET https://www.gstatic.com/firebasejs/releases.json {"current":{"version":"10.7.1","browserURL":"https://www.gstatic.com/firebasejs/10.7.1/firebase.js","packageURL":"https://www.gstatic.com/firebasejs/10.7.1/firebase.tgz"},"live":{"version":"10.7","browserURL":"https://www.gstatic.com/firebasejs/live/10.7/firebase.js","packageURL":"https://www.gstatic.com/firebasejs/live/10.7/firebase.tgz"},"components":{"analytics":"https://www.gstatic.com/firebasejs/10.7.1/firebase-analytics.js","app":"https://www.gstatic.com/firebasejs/10.7.1/firebase-app.js","app-check":"https://www.gstatic.com/firebasejs/10.7.1/firebase-app-check.js","auth":"https://www.gstatic.com/firebasejs/10.7.1/firebase-auth.js","auth/cordova":"https://www.gstatic.com/firebasejs/10.7.1/firebase-auth/cordova.js","functions":"https://www.gstatic.com/firebasejs/10.7.1/firebase-functions.js","firestore":"https://www.gstatic.com/firebasejs/10.7.1/firebase-firestore.js","firestore/lite":"https://www.gstatic.com/firebasejs/10.7.1/firebase-firestore/lite.js","installations":"https://www.gstatic.com/firebasejs/10.7.1/firebase-installations.js","storage":"https://www.gstatic.com/firebasejs/10.7.1/firebase-storage.js","performance":"https://www.gstatic.com/firebasejs/10.7.1/firebase-performance.js","remote-config":"https://www.gstatic.com/firebasejs/10.7.1/firebase-remote-config.js","messaging":"https://www.gstatic.com/firebasejs/10.7.1/firebase-messaging.js","messaging/sw":"https://www.gstatic.com/firebasejs/10.7.1/firebase-messaging/sw.js","database":"https://www.gstatic.com/firebasejs/10.7.1/firebase-database.js","firestore.memory":"https://www.gstatic.com/firebasejs/10.7.1/firebase-firestore.memory.js"}}
[info] +  Wrote build/index.html 
[info] 
[info] i  Detected a .git folder at C:\Users\Aditya\Desktop\FlitIt\flixit 
[info] i  Authorizing with GitHub to upload your service account to a GitHub repository's secrets store. 
[info] 
[info] Visit this URL on this device to log in:
[info] https://github.com/login/oauth/authorize?client_id=89cf50f02ac6aaed3484&state=37361322&redirect_uri=http%3A%2F%2Flocalhost%3A9005&scope=read%3Auser%20repo%20public_repo
[info] 
[info] Waiting for authentication...
[debug] [2024-01-17T11:50:47.859Z] >>> [apiv2][query] POST https://github.com/login/oauth/access_token [none]
[debug] [2024-01-17T11:50:47.859Z] >>> [apiv2][body] POST https://github.com/login/oauth/access_token [stream]
[debug] [2024-01-17T11:50:48.641Z] <<< [apiv2][status] POST https://github.com/login/oauth/access_token 200
[debug] [2024-01-17T11:50:48.641Z] <<< [apiv2][body] POST https://github.com/login/oauth/access_token {"access_token":"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","token_type":"bearer","scope":"read:user,repo"}
[debug] [2024-01-17T11:50:48.653Z] >>> [apiv2][query] GET https://api.github.com/user [none]
[debug] [2024-01-17T11:50:49.561Z] <<< [apiv2][status] GET https://api.github.com/user 200
[debug] [2024-01-17T11:50:49.562Z] <<< [apiv2][body] GET https://api.github.com/user {"login":"green-veggies","id":124076546,"node_id":"U_kgDOB2VCAg","avatar_url":"https://avatars.githubusercontent.com/u/124076546?v=4","gravatar_id":"","url":"https://api.github.com/users/green-veggies","html_url":"https://github.com/green-veggies","followers_url":"https://api.github.com/users/green-veggies/followers","following_url":"https://api.github.com/users/green-veggies/following{/other_user}","gists_url":"https://api.github.com/users/green-veggies/gists{/gist_id}","starred_url":"https://api.github.com/users/green-veggies/starred{/owner}{/repo}","subscriptions_url":"https://api.github.com/users/green-veggies/subscriptions","organizations_url":"https://api.github.com/users/green-veggies/orgs","repos_url":"https://api.github.com/users/green-veggies/repos","events_url":"https://api.github.com/users/green-veggies/events{/privacy}","received_events_url":"https://api.github.com/users/green-veggies/received_events","type":"User","site_admin":false,"name":"Aditya Jasrotia","company":"IIIT Bhubaneswar","blog":"","location":"Samba, Jammu & Kashmir","email":null,"hireable":null,"bio":null,"twitter_username":null,"public_repos":19,"public_gists":0,"followers":8,"following":42,"created_at":"2023-01-31T16:45:01Z","updated_at":"2023-12-26T16:27:38Z","private_gists":0,"total_private_repos":15,"owned_private_repos":14,"disk_usage":317520,"collaborators":5,"two_factor_authentication":false,"plan":{"name":"free","space":976562499,"collaborators":0,"private_repos":10000}}
[info] 
[info] +  Success! Logged into GitHub as green-veggies 
[info] 
